2020-04-19 00:39:12.681  WARN 13712 --- [lava-daemon-pool-manager-3-thread-1] c.s.d.l.tools.GarbageCollectionMonitor   : Suspicious GC results for the last 2 minutes: [Bucket 0 = 0] [Bucket 20 = 0] [Bucket 50 = 0] [Bucket 200 = 1] [Bucket 500 = 0] [Bucket 2000 = 0] 
2020-04-19 00:45:12.441  WARN 13712 --- [lava-daemon-pool-manager-3-thread-1] c.s.d.l.tools.GarbageCollectionMonitor   : Suspicious GC results for the last 2 minutes: [Bucket 0 = 0] [Bucket 20 = 0] [Bucket 50 = 0] [Bucket 200 = 1] [Bucket 500 = 0] [Bucket 2000 = 0] 
2020-04-19 01:01:12.443  WARN 13712 --- [lava-daemon-pool-manager-3-thread-1] c.s.d.l.tools.GarbageCollectionMonitor   : Suspicious GC results for the last 2 minutes: [Bucket 0 = 3] [Bucket 20 = 0] [Bucket 50 = 0] [Bucket 200 = 1] [Bucket 500 = 1] [Bucket 2000 = 0] 
2020-04-19 01:05:12.443  WARN 13712 --- [lava-daemon-pool-manager-3-thread-1] c.s.d.l.tools.GarbageCollectionMonitor   : Suspicious GC results for the last 2 minutes: [Bucket 0 = 1] [Bucket 20 = 1] [Bucket 50 = 0] [Bucket 200 = 2] [Bucket 500 = 0] [Bucket 2000 = 0] 
2020-04-19 01:07:12.443  WARN 13712 --- [lava-daemon-pool-manager-3-thread-1] c.s.d.l.tools.GarbageCollectionMonitor   : Suspicious GC results for the last 2 minutes: [Bucket 0 = 1] [Bucket 20 = 0] [Bucket 50 = 1] [Bucket 200 = 1] [Bucket 500 = 1] [Bucket 2000 = 0] 
2020-04-19 01:13:12.441  WARN 13712 --- [lava-daemon-pool-manager-3-thread-1] c.s.d.l.tools.GarbageCollectionMonitor   : Suspicious GC results for the last 2 minutes: [Bucket 0 = 0] [Bucket 20 = 0] [Bucket 50 = 0] [Bucket 200 = 1] [Bucket 500 = 0] [Bucket 2000 = 0] 
2020-04-19 01:17:12.441  WARN 13712 --- [lava-daemon-pool-manager-3-thread-1] c.s.d.l.tools.GarbageCollectionMonitor   : Suspicious GC results for the last 2 minutes: [Bucket 0 = 3] [Bucket 20 = 1] [Bucket 50 = 2] [Bucket 200 = 1] [Bucket 500 = 1] [Bucket 2000 = 1] 
2020-04-19 01:19:12.443  WARN 13712 --- [lava-daemon-pool-manager-3-thread-1] c.s.d.l.tools.GarbageCollectionMonitor   : Suspicious GC results for the last 2 minutes: [Bucket 0 = 1] [Bucket 20 = 1] [Bucket 50 = 2] [Bucket 200 = 0] [Bucket 500 = 0] [Bucket 2000 = 0] 
2020-04-19 01:31:12.443  WARN 13712 --- [lava-daemon-pool-manager-3-thread-1] c.s.d.l.tools.GarbageCollectionMonitor   : Suspicious GC results for the last 2 minutes: [Bucket 0 = 0] [Bucket 20 = 0] [Bucket 50 = 0] [Bucket 200 = 1] [Bucket 500 = 0] [Bucket 2000 = 0] 
2020-04-19 01:55:12.443  WARN 13712 --- [lava-daemon-pool-manager-3-thread-1] c.s.d.l.tools.GarbageCollectionMonitor   : Suspicious GC results for the last 2 minutes: [Bucket 0 = 0] [Bucket 20 = 0] [Bucket 50 = 0] [Bucket 200 = 1] [Bucket 500 = 0] [Bucket 2000 = 0] 
2020-04-19 02:09:12.441  WARN 13712 --- [lava-daemon-pool-manager-3-thread-1] c.s.d.l.tools.GarbageCollectionMonitor   : Suspicious GC results for the last 2 minutes: [Bucket 0 = 0] [Bucket 20 = 0] [Bucket 50 = 0] [Bucket 200 = 1] [Bucket 500 = 0] [Bucket 2000 = 0] 
2020-04-19 03:07:12.443  WARN 13712 --- [lava-daemon-pool-manager-3-thread-1] c.s.d.l.tools.GarbageCollectionMonitor   : Suspicious GC results for the last 2 minutes: [Bucket 0 = 0] [Bucket 20 = 0] [Bucket 50 = 0] [Bucket 200 = 1] [Bucket 500 = 0] [Bucket 2000 = 0] 
2020-04-19 03:13:12.441  WARN 13712 --- [lava-daemon-pool-manager-3-thread-1] c.s.d.l.tools.GarbageCollectionMonitor   : Suspicious GC results for the last 2 minutes: [Bucket 0 = 0] [Bucket 20 = 0] [Bucket 50 = 0] [Bucket 200 = 1] [Bucket 500 = 0] [Bucket 2000 = 0] 
2020-04-19 03:39:12.441  WARN 13712 --- [lava-daemon-pool-manager-3-thread-1] c.s.d.l.tools.GarbageCollectionMonitor   : Suspicious GC results for the last 2 minutes: [Bucket 0 = 2] [Bucket 20 = 0] [Bucket 50 = 2] [Bucket 200 = 0] [Bucket 500 = 0] [Bucket 2000 = 0] 
2020-04-19 03:53:12.441  WARN 13712 --- [lava-daemon-pool-manager-3-thread-1] c.s.d.l.tools.GarbageCollectionMonitor   : Suspicious GC results for the last 2 minutes: [Bucket 0 = 1] [Bucket 20 = 1] [Bucket 50 = 0] [Bucket 200 = 1] [Bucket 500 = 0] [Bucket 2000 = 0] 
2020-04-19 04:11:12.442  WARN 13712 --- [lava-daemon-pool-manager-3-thread-1] c.s.d.l.tools.GarbageCollectionMonitor   : Suspicious GC results for the last 2 minutes: [Bucket 0 = 0] [Bucket 20 = 0] [Bucket 50 = 0] [Bucket 200 = 2] [Bucket 500 = 0] [Bucket 2000 = 0] 
2020-04-19 04:55:12.442  WARN 13712 --- [lava-daemon-pool-manager-3-thread-1] c.s.d.l.tools.GarbageCollectionMonitor   : Suspicious GC results for the last 2 minutes: [Bucket 0 = 0] [Bucket 20 = 0] [Bucket 50 = 0] [Bucket 200 = 1] [Bucket 500 = 0] [Bucket 2000 = 0] 
2020-04-19 04:57:12.443  WARN 13712 --- [lava-daemon-pool-manager-3-thread-1] c.s.d.l.tools.GarbageCollectionMonitor   : Suspicious GC results for the last 2 minutes: [Bucket 0 = 0] [Bucket 20 = 0] [Bucket 50 = 0] [Bucket 200 = 1] [Bucket 500 = 0] [Bucket 2000 = 0] 
2020-04-19 05:19:12.441  WARN 13712 --- [lava-daemon-pool-manager-3-thread-1] c.s.d.l.tools.GarbageCollectionMonitor   : Suspicious GC results for the last 2 minutes: [Bucket 0 = 0] [Bucket 20 = 0] [Bucket 50 = 0] [Bucket 200 = 1] [Bucket 500 = 0] [Bucket 2000 = 0] 
2020-04-19 05:59:12.443  WARN 13712 --- [lava-daemon-pool-manager-3-thread-1] c.s.d.l.tools.GarbageCollectionMonitor   : Suspicious GC results for the last 2 minutes: [Bucket 0 = 0] [Bucket 20 = 0] [Bucket 50 = 0] [Bucket 200 = 1] [Bucket 500 = 0] [Bucket 2000 = 0] 
2020-04-19 06:17:12.442  WARN 13712 --- [lava-daemon-pool-manager-3-thread-1] c.s.d.l.tools.GarbageCollectionMonitor   : Suspicious GC results for the last 2 minutes: [Bucket 0 = 0] [Bucket 20 = 0] [Bucket 50 = 0] [Bucket 200 = 1] [Bucket 500 = 0] [Bucket 2000 = 0] 
2020-04-19 06:57:13.141  WARN 13712 --- [lava-daemon-pool-manager-3-thread-1] c.s.d.l.tools.GarbageCollectionMonitor   : Suspicious GC results for the last 2 minutes: [Bucket 0 = 0] [Bucket 20 = 0] [Bucket 50 = 0] [Bucket 200 = 1] [Bucket 500 = 0] [Bucket 2000 = 0] 
2020-04-19 07:05:16.057  INFO 13712 --- [XNIO-1 task-13] l.server.player.AudioLoaderRestHandler   : GET /loadtracks
2020-04-19 07:05:19.938  INFO 13712 --- [XNIO-1 task-14] l.server.player.AudioLoaderRestHandler   : GET /loadtracks
2020-04-19 07:05:27.562  INFO 13712 --- [XNIO-1 I/O-4] lavalink.server.io.SocketServer          : {"sessionId":"3175fb0bc889ac1cb35e5a9666046ed9","op":"voiceUpdate","guildId":"687970541835124757","event":{"token":"ab23654b56202078","guild_id":"687970541835124757","endpoint":"hongkong666.discord.media:80"}}
2020-04-19 07:05:34.584  INFO 13712 --- [XNIO-1 task-15] l.server.player.AudioLoaderRestHandler   : GET /loadtracks
2020-04-19 07:05:43.990  INFO 13712 --- [lava-daemon-pool-info-loader-2-thread-2] lavalink.server.player.AudioLoader       : Loaded playlist Search results for: 100 lovw
2020-04-19 07:05:44.195  INFO 13712 --- [lava-daemon-pool-info-loader-2-thread-1] lavalink.server.player.AudioLoader       : Loaded playlist Search results for: booty music
2020-04-19 07:05:51.141  INFO 13712 --- [lava-daemon-pool-info-loader-2-thread-2] lavalink.server.player.AudioLoader       : Loaded playlist Search results for: 100 love
2020-04-19 07:06:01.140 ERROR 13712 --- [XNIO-15 I/O-1] s.n.m.impl.connections.AudioWebSocket    : Exception in websocket connection, closing. Channel state is Websocket Channel is null

java.lang.IllegalStateException: Failed to connect to wss://hongkong666.discord.media/?v=4
	at space.npstr.magma.impl.connections.hax.ClosingUndertowWebSocketClient$1.handleFailed(ClosingUndertowWebSocketClient.java:79) ~[impl-0.12.5.jar!/:na]
	at org.xnio.IoFuture$HandlingNotifier.notify(IoFuture.java:215) ~[xnio-api-3.3.8.Final.jar!/:3.3.8.Final]
	at org.xnio.AbstractIoFuture$1.run(AbstractIoFuture.java:211) ~[xnio-api-3.3.8.Final.jar!/:3.3.8.Final]
	at org.xnio.IoUtils$2.execute(IoUtils.java:70) ~[xnio-api-3.3.8.Final.jar!/:3.3.8.Final]
	at org.xnio.AbstractIoFuture.runNotifier(AbstractIoFuture.java:354) ~[xnio-api-3.3.8.Final.jar!/:3.3.8.Final]
	at org.xnio.AbstractIoFuture.runAllNotifiers(AbstractIoFuture.java:233) ~[xnio-api-3.3.8.Final.jar!/:3.3.8.Final]
	at org.xnio.AbstractIoFuture.setException(AbstractIoFuture.java:251) ~[xnio-api-3.3.8.Final.jar!/:3.3.8.Final]
	at org.xnio.FutureResult.setException(FutureResult.java:89) ~[xnio-api-3.3.8.Final.jar!/:3.3.8.Final]
	at io.undertow.websockets.client.WebSocketClient$ConnectionBuilder$2.notify(WebSocketClient.java:342) ~[undertow-core-2.0.26.Final.jar!/:2.0.26.Final]
	at org.xnio.AbstractIoFuture$1.run(AbstractIoFuture.java:211) ~[xnio-api-3.3.8.Final.jar!/:3.3.8.Final]
	at org.xnio.IoUtils$2.execute(IoUtils.java:70) ~[xnio-api-3.3.8.Final.jar!/:3.3.8.Final]
	at org.xnio.AbstractIoFuture.runNotifier(AbstractIoFuture.java:354) ~[xnio-api-3.3.8.Final.jar!/:3.3.8.Final]
	at org.xnio.AbstractIoFuture.runAllNotifiers(AbstractIoFuture.java:233) ~[xnio-api-3.3.8.Final.jar!/:3.3.8.Final]
	at org.xnio.AbstractIoFuture.setException(AbstractIoFuture.java:251) ~[xnio-api-3.3.8.Final.jar!/:3.3.8.Final]
	at org.xnio.FutureResult.setException(FutureResult.java:89) ~[xnio-api-3.3.8.Final.jar!/:3.3.8.Final]
	at org.xnio.http.HttpUpgrade$HttpUpgradeState$StringWriteListener.handleEvent(HttpUpgrade.java:391) ~[xnio-api-3.3.8.Final.jar!/:3.3.8.Final]
	at org.xnio.http.HttpUpgrade$HttpUpgradeState$StringWriteListener.handleEvent(HttpUpgrade.java:372) ~[xnio-api-3.3.8.Final.jar!/:3.3.8.Final]
	at org.xnio.ChannelListeners.invokeChannelListener(ChannelListeners.java:92) ~[xnio-api-3.3.8.Final.jar!/:3.3.8.Final]
	at org.xnio.conduits.WriteReadyHandler$ChannelListenerHandler.writeReady(WriteReadyHandler.java:65) ~[xnio-api-3.3.8.Final.jar!/:3.3.8.Final]
	at io.undertow.protocols.ssl.SslConduit$SslWriteReadyHandler.writeReady(SslConduit.java:1273) ~[undertow-core-2.0.26.Final.jar!/:2.0.26.Final]
	at io.undertow.protocols.ssl.SslConduit$3.run(SslConduit.java:275) ~[undertow-core-2.0.26.Final.jar!/:2.0.26.Final]
	at org.xnio.nio.WorkerThread.safeRun(WorkerThread.java:582) ~[xnio-nio-3.3.8.Final.jar!/:3.3.8.Final]
	at org.xnio.nio.WorkerThread.run(WorkerThread.java:466) ~[xnio-nio-3.3.8.Final.jar!/:3.3.8.Final]
Caused by: java.nio.channels.ClosedChannelException: null
	at io.undertow.protocols.ssl.SslConduit.doWrap(SslConduit.java:929) ~[undertow-core-2.0.26.Final.jar!/:2.0.26.Final]
	at io.undertow.protocols.ssl.SslConduit.write(SslConduit.java:371) ~[undertow-core-2.0.26.Final.jar!/:2.0.26.Final]
	at org.xnio.conduits.ConduitStreamSinkChannel.write(ConduitStreamSinkChannel.java:150) ~[xnio-api-3.3.8.Final.jar!/:3.3.8.Final]
	at org.xnio.http.HttpUpgrade$HttpUpgradeState$StringWriteListener.handleEvent(HttpUpgrade.java:385) ~[xnio-api-3.3.8.Final.jar!/:3.3.8.Final]
	... 7 common frames omitted

2020-04-19 07:06:06.255  INFO 13712 --- [XNIO-1 I/O-4] lavalink.server.io.SocketServer          : {"op":"play","guildId":"687970541835124757","track":"QAAAsQIATDEwMCBZZWFycyBMb3ZlIChPcmlubiBSZW1peCkgLSBOYW1EdWMgfCBOaOG6oWMgRURNIFRpa1RvayBHw6J5IE5naGnhu4duIDIwMjAAC09yaW5uIFJlbWl4AAAAAAADrWgACzQ3YWhvaVY5cUdZAAEAK2h0dHBzOi8vd3d3LnlvdXR1YmUuY29tL3dhdGNoP3Y9NDdhaG9pVjlxR1kAB3lvdXR1YmUAAAAAAAAAAA==","volume":100}
2020-04-19 07:06:55.956  INFO 13712 --- [XNIO-1 I/O-4] lavalink.server.io.SocketServer          : {"sessionId":"3175fb0bc889ac1cb35e5a9666046ed9","op":"voiceUpdate","guildId":"687970541835124757","event":{"token":"3c0db84870503682","guild_id":"687970541835124757","endpoint":"hongkong666.discord.media:80"}}
2020-04-19 07:07:12.441  WARN 13712 --- [lava-daemon-pool-manager-3-thread-1] c.s.d.l.tools.GarbageCollectionMonitor   : Suspicious GC results for the last 2 minutes: [Bucket 0 = 1] [Bucket 20 = 1] [Bucket 50 = 0] [Bucket 200 = 2] [Bucket 500 = 3] [Bucket 2000 = 0] 
2020-04-19 07:11:00.193  INFO 13712 --- [XNIO-1 I/O-4] lavalink.server.io.SocketServer          : {"op":"play","guildId":"687970541835124757","track":"QAAAkwIAKEJvb3R5IG11c2ljIC0gRGVlcHNpZGUgKFZpZXRzdWIrS2FyYW9rZSkAEVRy4bqnbiBUdeG6pW4gQW5oAAAAAAACytgAC3pmNnN2bTEtRjBJAAEAK2h0dHBzOi8vd3d3LnlvdXR1YmUuY29tL3dhdGNoP3Y9emY2c3ZtMS1GMEkAB3lvdXR1YmUAAAAAAAAAAA==","volume":100}
2020-04-19 07:14:03.150  INFO 13712 --- [XNIO-1 I/O-4] lavalink.server.io.SocketServer          : {"op":"play","guildId":"687970541835124757","track":"QAAAsQIATDEwMCBZZWFycyBMb3ZlIChPcmlubiBSZW1peCkgLSBOYW1EdWMgfCBOaOG6oWMgRURNIFRpa1RvayBHw6J5IE5naGnhu4duIDIwMjAAC09yaW5uIFJlbWl4AAAAAAADrWgACzQ3YWhvaVY5cUdZAAEAK2h0dHBzOi8vd3d3LnlvdXR1YmUuY29tL3dhdGNoP3Y9NDdhaG9pVjlxR1kAB3lvdXR1YmUAAAAAAAAAAA==","volume":100}
2020-04-19 07:17:12.442  WARN 13712 --- [lava-daemon-pool-manager-3-thread-1] c.s.d.l.tools.GarbageCollectionMonitor   : Suspicious GC results for the last 2 minutes: [Bucket 0 = 0] [Bucket 20 = 0] [Bucket 50 = 0] [Bucket 200 = 1] [Bucket 500 = 0] [Bucket 2000 = 0] 
2020-04-19 07:37:12.443  WARN 13712 --- [lava-daemon-pool-manager-3-thread-1] c.s.d.l.tools.GarbageCollectionMonitor   : Suspicious GC results for the last 2 minutes: [Bucket 0 = 0] [Bucket 20 = 0] [Bucket 50 = 0] [Bucket 200 = 1] [Bucket 500 = 0] [Bucket 2000 = 0] 
2020-04-19 07:45:12.443  WARN 13712 --- [lava-daemon-pool-manager-3-thread-1] c.s.d.l.tools.GarbageCollectionMonitor   : Suspicious GC results for the last 2 minutes: [Bucket 0 = 0] [Bucket 20 = 0] [Bucket 50 = 0] [Bucket 200 = 1] [Bucket 500 = 0] [Bucket 2000 = 0] 
2020-04-19 07:55:12.442  WARN 13712 --- [lava-daemon-pool-manager-3-thread-1] c.s.d.l.tools.GarbageCollectionMonitor   : Suspicious GC results for the last 2 minutes: [Bucket 0 = 0] [Bucket 20 = 0] [Bucket 50 = 0] [Bucket 200 = 1] [Bucket 500 = 0] [Bucket 2000 = 0] 
2020-04-19 07:59:12.443  WARN 13712 --- [lava-daemon-pool-manager-3-thread-1] c.s.d.l.tools.GarbageCollectionMonitor   : Suspicious GC results for the last 2 minutes: [Bucket 0 = 0] [Bucket 20 = 0] [Bucket 50 = 0] [Bucket 200 = 1] [Bucket 500 = 0] [Bucket 2000 = 0] 
2020-04-19 08:00:44.845  INFO 13712 --- [parallel-4] s.n.m.impl.connections.AudioWebSocket    : Websocket to wss://hongkong666.discord.media/?v=4 closed with code 4014 and reason Disconnected.
2020-04-19 08:00:44.857  INFO 13712 --- [parallel-4] s.n.m.impl.connections.AudioWebSocket    : Closing
2020-04-19 08:09:12.443  WARN 13712 --- [lava-daemon-pool-manager-3-thread-1] c.s.d.l.tools.GarbageCollectionMonitor   : Suspicious GC results for the last 2 minutes: [Bucket 0 = 0] [Bucket 20 = 0] [Bucket 50 = 0] [Bucket 200 = 1] [Bucket 500 = 0] [Bucket 2000 = 0] 
2020-04-19 08:13:12.443  WARN 13712 --- [lava-daemon-pool-manager-3-thread-1] c.s.d.l.tools.GarbageCollectionMonitor   : Suspicious GC results for the last 2 minutes: [Bucket 0 = 0] [Bucket 20 = 0] [Bucket 50 = 0] [Bucket 200 = 1] [Bucket 500 = 0] [Bucket 2000 = 0] 
2020-04-19 08:17:12.443  WARN 13712 --- [lava-daemon-pool-manager-3-thread-1] c.s.d.l.tools.GarbageCollectionMonitor   : Suspicious GC results for the last 2 minutes: [Bucket 0 = 0] [Bucket 20 = 0] [Bucket 50 = 0] [Bucket 200 = 1] [Bucket 500 = 0] [Bucket 2000 = 0] 
2020-04-19 08:23:12.442  WARN 13712 --- [lava-daemon-pool-manager-3-thread-1] c.s.d.l.tools.GarbageCollectionMonitor   : Suspicious GC results for the last 2 minutes: [Bucket 0 = 4] [Bucket 20 = 1] [Bucket 50 = 0] [Bucket 200 = 1] [Bucket 500 = 0] [Bucket 2000 = 0] 
2020-04-19 08:25:12.443  WARN 13712 --- [lava-daemon-pool-manager-3-thread-1] c.s.d.l.tools.GarbageCollectionMonitor   : Suspicious GC results for the last 2 minutes: [Bucket 0 = 0] [Bucket 20 = 0] [Bucket 50 = 2] [Bucket 200 = 0] [Bucket 500 = 0] [Bucket 2000 = 0] 
2020-04-19 08:37:12.441  WARN 13712 --- [lava-daemon-pool-manager-3-thread-1] c.s.d.l.tools.GarbageCollectionMonitor   : Suspicious GC results for the last 2 minutes: [Bucket 0 = 0] [Bucket 20 = 0] [Bucket 50 = 0] [Bucket 200 = 1] [Bucket 500 = 0] [Bucket 2000 = 0] 
2020-04-19 08:53:12.443  WARN 13712 --- [lava-daemon-pool-manager-3-thread-1] c.s.d.l.tools.GarbageCollectionMonitor   : Suspicious GC results for the last 2 minutes: [Bucket 0 = 0] [Bucket 20 = 0] [Bucket 50 = 0] [Bucket 200 = 1] [Bucket 500 = 0] [Bucket 2000 = 0] 
2020-04-19 09:13:12.443  WARN 13712 --- [lava-daemon-pool-manager-3-thread-1] c.s.d.l.tools.GarbageCollectionMonitor   : Suspicious GC results for the last 2 minutes: [Bucket 0 = 0] [Bucket 20 = 0] [Bucket 50 = 0] [Bucket 200 = 1] [Bucket 500 = 0] [Bucket 2000 = 0] 
2020-04-19 09:19:12.442  WARN 13712 --- [lava-daemon-pool-manager-3-thread-1] c.s.d.l.tools.GarbageCollectionMonitor   : Suspicious GC results for the last 2 minutes: [Bucket 0 = 0] [Bucket 20 = 0] [Bucket 50 = 0] [Bucket 200 = 1] [Bucket 500 = 0] [Bucket 2000 = 0] 
2020-04-19 09:23:12.442  WARN 13712 --- [lava-daemon-pool-manager-3-thread-1] c.s.d.l.tools.GarbageCollectionMonitor   : Suspicious GC results for the last 2 minutes: [Bucket 0 = 0] [Bucket 20 = 0] [Bucket 50 = 0] [Bucket 200 = 1] [Bucket 500 = 0] [Bucket 2000 = 0] 
2020-04-19 09:59:12.442  WARN 13712 --- [lava-daemon-pool-manager-3-thread-1] c.s.d.l.tools.GarbageCollectionMonitor   : Suspicious GC results for the last 2 minutes: [Bucket 0 = 0] [Bucket 20 = 0] [Bucket 50 = 0] [Bucket 200 = 1] [Bucket 500 = 0] [Bucket 2000 = 0] 
2020-04-19 10:29:12.442  WARN 13712 --- [lava-daemon-pool-manager-3-thread-1] c.s.d.l.tools.GarbageCollectionMonitor   : Suspicious GC results for the last 2 minutes: [Bucket 0 = 1] [Bucket 20 = 1] [Bucket 50 = 0] [Bucket 200 = 1] [Bucket 500 = 2] [Bucket 2000 = 0] 
2020-04-19 10:51:12.442  WARN 13712 --- [lava-daemon-pool-manager-3-thread-1] c.s.d.l.tools.GarbageCollectionMonitor   : Suspicious GC results for the last 2 minutes: [Bucket 0 = 0] [Bucket 20 = 0] [Bucket 50 = 0] [Bucket 200 = 1] [Bucket 500 = 0] [Bucket 2000 = 0] 
2020-04-19 11:17:12.442  WARN 13712 --- [lava-daemon-pool-manager-3-thread-1] c.s.d.l.tools.GarbageCollectionMonitor   : Suspicious GC results for the last 2 minutes: [Bucket 0 = 0] [Bucket 20 = 0] [Bucket 50 = 0] [Bucket 200 = 1] [Bucket 500 = 0] [Bucket 2000 = 0] 
2020-04-19 11:51:12.713  WARN 13712 --- [lava-daemon-pool-manager-3-thread-1] c.s.d.l.tools.GarbageCollectionMonitor   : Suspicious GC results for the last 2 minutes: [Bucket 0 = 0] [Bucket 20 = 0] [Bucket 50 = 0] [Bucket 200 = 1] [Bucket 500 = 0] [Bucket 2000 = 0] 
2020-04-19 12:07:12.442  WARN 13712 --- [lava-daemon-pool-manager-3-thread-1] c.s.d.l.tools.GarbageCollectionMonitor   : Suspicious GC results for the last 2 minutes: [Bucket 0 = 1] [Bucket 20 = 0] [Bucket 50 = 0] [Bucket 200 = 1] [Bucket 500 = 1] [Bucket 2000 = 0] 
2020-04-19 12:19:12.441  WARN 13712 --- [lava-daemon-pool-manager-3-thread-1] c.s.d.l.tools.GarbageCollectionMonitor   : Suspicious GC results for the last 2 minutes: [Bucket 0 = 0] [Bucket 20 = 0] [Bucket 50 = 2] [Bucket 200 = 1] [Bucket 500 = 0] [Bucket 2000 = 0] 
2020-04-19 12:25:12.441  WARN 13712 --- [lava-daemon-pool-manager-3-thread-1] c.s.d.l.tools.GarbageCollectionMonitor   : Suspicious GC results for the last 2 minutes: [Bucket 0 = 0] [Bucket 20 = 0] [Bucket 50 = 0] [Bucket 200 = 1] [Bucket 500 = 0] [Bucket 2000 = 0] 
2020-04-19 12:29:12.442  WARN 13712 --- [lava-daemon-pool-manager-3-thread-1] c.s.d.l.tools.GarbageCollectionMonitor   : Suspicious GC results for the last 2 minutes: [Bucket 0 = 0] [Bucket 20 = 0] [Bucket 50 = 2] [Bucket 200 = 0] [Bucket 500 = 0] [Bucket 2000 = 0] 
2020-04-19 12:33:12.442  WARN 13712 --- [lava-daemon-pool-manager-3-thread-1] c.s.d.l.tools.GarbageCollectionMonitor   : Suspicious GC results for the last 2 minutes: [Bucket 0 = 2] [Bucket 20 = 2] [Bucket 50 = 2] [Bucket 200 = 0] [Bucket 500 = 0] [Bucket 2000 = 0] 
2020-04-19 12:37:12.441  WARN 13712 --- [lava-daemon-pool-manager-3-thread-1] c.s.d.l.tools.GarbageCollectionMonitor   : Suspicious GC results for the last 2 minutes: [Bucket 0 = 0] [Bucket 20 = 0] [Bucket 50 = 2] [Bucket 200 = 0] [Bucket 500 = 0] [Bucket 2000 = 0] 
2020-04-19 12:45:12.442  WARN 13712 --- [lava-daemon-pool-manager-3-thread-1] c.s.d.l.tools.GarbageCollectionMonitor   : Suspicious GC results for the last 2 minutes: [Bucket 0 = 0] [Bucket 20 = 1] [Bucket 50 = 0] [Bucket 200 = 1] [Bucket 500 = 0] [Bucket 2000 = 0] 
2020-04-19 13:35:32.139  INFO 15864 --- [main] lavalink.server.Launcher                 : 

[32m       .  [31m _                  _ _       _    [32m__ _ _
[32m      /\\ [31m| | __ ___   ____ _| (_)_ __ | | __[32m\ \ \ \
[32m     ( ( )[31m| |/ _` \ \ / / _` | | | '_ \| |/ /[32m \ \ \ \
[32m      \\/ [31m| | (_| |\ V / (_| | | | | | |   < [32m  ) ) ) )
[32m       '  [31m|_|\__,_| \_/ \__,_|_|_|_| |_|_|\_\[32m / / / /
[0m    =========================================[32m/_/_/_/[0m

	Version:        e7220eaecb3f1db1cd21a1c1ba47d464358b141f-SNAPSHOT
	Build:          1002
	Build time:     28.03.2020 19:31:09 UTC
	Branch          master
	Commit:         e7220ea
	Commit time:    28.03.2020 19:29:10 UTC
	JVM:            12.0.1
	Lavaplayer      1.3.38

2020-04-19 13:35:37.371  INFO 15864 --- [main] lavalink.server.Launcher                 : Starting Launcher on LAPTOP-5DHQIB6P with PID 15864 (C:\Users\ACER\OneDrive\Desktop\discord.js\writebot\lavalink\Lavalink.jar started by ACER in C:\Users\ACER\OneDrive\Desktop\discord.js\writebot\lavalink)
2020-04-19 13:35:37.376  INFO 15864 --- [main] lavalink.server.Launcher                 : No active profile set, falling back to default profiles: default
2020-04-19 13:35:42.361  WARN 15864 --- [background-preinit] o.s.h.c.j.Jackson2ObjectMapperBuilder    : For Jackson Kotlin classes support please add "com.fasterxml.jackson.module:jackson-module-kotlin" to the classpath
2020-04-19 13:37:27.367  WARN 15864 --- [main] io.undertow.websockets.jsr               : UT026010: Buffer pool was not set on WebSocketDeploymentInfo, the default pool will be used
2020-04-19 13:37:29.041  INFO 15864 --- [main] io.undertow.servlet                      : Initializing Spring embedded WebApplicationContext
2020-04-19 13:37:29.048  INFO 15864 --- [main] o.s.web.context.ContextLoader            : Root WebApplicationContext: initialization completed in 108024 ms
2020-04-19 13:37:47.656  WARN 15864 --- [main] l.server.config.SentryConfiguration      : Turning off sentry
2020-04-19 13:37:48.725  INFO 15864 --- [main] l.s.c.AudioSendFactoryConfiguration      : OS: Windows 10, Arch: amd64
2020-04-19 13:37:48.740  INFO 15864 --- [main] l.s.c.AudioSendFactoryConfiguration      : JDA-NAS supported system detected. Enabled native audio sending.
2020-04-19 13:37:48.769  INFO 15864 --- [main] l.s.c.AudioSendFactoryConfiguration      : Setting buffer to 400ms
2020-04-19 13:37:48.792  INFO 15864 --- [main] l.s.c.AudioSendFactoryConfiguration      : Setting playlist load limit to 5
2020-04-19 13:37:58.902  INFO 15864 --- [main] c.s.d.l.tools.GarbageCollectionMonitor   : GC monitoring enabled, reporting results every 2 minutes.
2020-04-19 13:38:03.220  INFO 15864 --- [main] o.s.s.concurrent.ThreadPoolTaskExecutor  : Initializing ExecutorService 'applicationTaskExecutor'
2020-04-19 13:38:07.083  INFO 15864 --- [main] org.xnio                                 : XNIO version 3.3.8.Final
2020-04-19 13:38:07.307  INFO 15864 --- [main] org.xnio.nio                             : XNIO NIO Implementation Version 3.3.8.Final
2020-04-19 13:38:08.496  INFO 15864 --- [main] o.s.b.w.e.u.UndertowServletWebServer     : Undertow started on port(s) 2333 (http) with context path ''
2020-04-19 13:38:08.548  INFO 15864 --- [main] lavalink.server.Launcher                 : Started Launcher in 162.138 seconds (JVM running for 163.882)
2020-04-19 13:44:51.929  INFO 15864 --- [XNIO-1 task-1] io.undertow.servlet                      : Initializing Spring DispatcherServlet 'dispatcherServlet'
2020-04-19 13:44:51.943  INFO 15864 --- [XNIO-1 task-1] o.s.web.servlet.DispatcherServlet        : Initializing Servlet 'dispatcherServlet'
2020-04-19 13:44:52.100  INFO 15864 --- [XNIO-1 task-1] o.s.web.servlet.DispatcherServlet        : Completed initialization in 154 ms
2020-04-19 13:44:53.949  INFO 15864 --- [XNIO-1 task-1] l.server.io.HandshakeInterceptorImpl     : Incoming connection from /127.0.0.1:50318
2020-04-19 13:44:57.333  INFO 15864 --- [XNIO-1 task-1] lavalink.server.io.SocketServer          : Connection successfully established from /127.0.0.1:50318
2020-04-19 13:49:05.648  INFO 15864 --- [XNIO-1 I/O-2] lavalink.server.io.SocketServer          : Connection closed from /127.0.0.1:50318 -- CloseStatus[code=1006, reason=]
2020-04-19 13:49:05.652  INFO 15864 --- [XNIO-1 I/O-2] lavalink.server.io.SocketContext         : Shutting down 0 playing players.
2020-04-19 13:50:01.082  INFO 15864 --- [XNIO-1 task-2] l.server.io.HandshakeInterceptorImpl     : Incoming connection from /127.0.0.1:50347
2020-04-19 13:50:01.161  INFO 15864 --- [XNIO-1 task-2] lavalink.server.io.SocketServer          : Connection successfully established from /127.0.0.1:50347
2020-04-19 13:55:54.363  INFO 15864 --- [XNIO-1 I/O-3] lavalink.server.io.SocketServer          : Connection closed from /127.0.0.1:50347 -- CloseStatus[code=1006, reason=]
2020-04-19 13:55:54.373  INFO 15864 --- [XNIO-1 I/O-3] lavalink.server.io.SocketContext         : Shutting down 0 playing players.
2020-04-19 13:56:15.405  INFO 15864 --- [XNIO-1 task-3] l.server.io.HandshakeInterceptorImpl     : Incoming connection from /127.0.0.1:50393
2020-04-19 13:56:15.804  INFO 15864 --- [XNIO-1 task-3] lavalink.server.io.SocketServer          : Connection successfully established from /127.0.0.1:50393
